05.11.2020 00:23:12 web server running on port 443
05.11.2020 00:23:23 [443] index called
05.11.2020 00:23:34 web server running on port 443
05.11.2020 00:23:35 [443] index called
05.11.2020 00:24:03 web server running on port 443
05.11.2020 00:24:05 [443] index called
05.11.2020 00:24:05 [443] service1 called
05.11.2020 00:24:38 [443] index called
05.11.2020 00:25:40 [443] index called
05.11.2020 00:25:41 [443] service1 called
05.11.2020 00:26:44 [443] service1 called
05.11.2020 00:27:23 [443] index called
05.11.2020 00:27:23 [443] service2 called, get pars: {}
05.11.2020 00:30:46 web server running on port 443
05.11.2020 00:41:34 web server running on port 443
05.11.2020 00:42:06 web server running on port 443
05.11.2020 00:42:20 [443] index called
05.11.2020 00:42:21 [443] index called
05.11.2020 00:42:21 [443] index called
05.11.2020 00:42:22 [443] index called
05.11.2020 00:42:22 [443] index called
05.11.2020 00:42:22 [443] index called
05.11.2020 00:42:30 web server running on port 443
05.11.2020 00:42:30 [443] index called
05.11.2020 00:42:31 [443] service2 called, get pars: {}
05.11.2020 00:42:31 [443] index called
05.11.2020 00:42:31 [443] service2 called, get pars: {}
05.11.2020 00:42:42 [443] index called
05.11.2020 00:42:42 [443] service2 called, get pars: {}
05.11.2020 00:47:10 [443] index called
05.11.2020 00:47:10 [443] service2 called, get pars: {}
05.11.2020 00:50:16 web server running on port 443
05.11.2020 00:50:30 [443] index called
05.11.2020 00:50:30 [443] variants called
05.11.2020 01:07:49 web server running on port 443
05.11.2020 01:09:18 web server running on port 443
05.11.2020 01:09:26 [443] index called
05.11.2020 01:09:26 [443] variants called
05.11.2020 01:10:13 web server running on port 443
05.11.2020 01:10:16 [443] index called
05.11.2020 01:10:16 [443] variants called
05.11.2020 01:11:32 [443] index called
05.11.2020 01:11:33 [443] variants called
05.11.2020 01:15:53 web server running on port 443
05.11.2020 01:15:55 [443] index called
05.11.2020 01:15:55 [443] variants called
05.11.2020 01:15:56 [443] index called
05.11.2020 01:15:56 [443] variants called
05.11.2020 01:15:57 [443] index called
05.11.2020 01:15:57 [443] variants called
05.11.2020 01:15:57 [443] index called
05.11.2020 01:15:57 [443] variants called
05.11.2020 01:16:13 [443] index called
05.11.2020 01:16:13 [443] variants called
05.11.2020 01:16:48 [443] variants called
05.11.2020 01:17:07 web server running on port 443
05.11.2020 01:18:17 web server running on port 443
05.11.2020 01:18:24 [443] variants called
05.11.2020 01:18:34 [443] index called
05.11.2020 01:18:34 [443] variants called
05.11.2020 01:19:15 [443] index called
05.11.2020 01:19:15 [443] variants called
05.11.2020 01:20:33 web server running on port 443
05.11.2020 01:20:33 [443] index called
05.11.2020 01:20:34 [443] variants called
05.11.2020 01:20:34 [443] index called
05.11.2020 01:20:35 [443] variants called
05.11.2020 01:20:35 [443] index called
05.11.2020 01:20:36 [443] variants called
05.11.2020 01:20:36 [443] index called
05.11.2020 01:20:36 [443] variants called
05.11.2020 01:21:19 [443] index called
05.11.2020 01:21:19 [443] variants called
05.11.2020 01:28:16 web server running on port 443
05.11.2020 01:28:51 [443] index called
05.11.2020 01:28:51 [443] variants called
05.11.2020 01:28:52 [443] index called
05.11.2020 01:28:52 [443] variants called
05.11.2020 01:28:59 [443] index called
05.11.2020 01:28:59 [443] variants called
05.11.2020 01:29:05 [443] index called
05.11.2020 01:29:05 [443] variants called
05.11.2020 01:29:06 [443] index called
05.11.2020 01:29:06 [443] variants called
05.11.2020 01:29:12 [443] variants called
05.11.2020 01:30:58 [443] index called
05.11.2020 01:30:58 [443] variants called
05.11.2020 01:31:00 [443] index called
05.11.2020 01:31:00 [443] variants called
05.11.2020 01:31:10 [443] index called
05.11.2020 01:31:10 [443] variants called
05.11.2020 01:40:16 [443] index called
05.11.2020 01:40:16 [443] variants called
05.11.2020 02:27:10 web server running on port 443
05.11.2020 02:30:02 [443] index called
05.11.2020 02:30:03 [443] variants called
05.11.2020 02:32:14 [443] index called
05.11.2020 02:32:15 [443] variants called
05.11.2020 02:32:20 [443] index called
05.11.2020 02:32:20 [443] variants called
05.11.2020 02:33:20 [443] index called
05.11.2020 02:33:20 [443] variants called
05.11.2020 02:33:36 [443] index called
05.11.2020 02:33:36 [443] variants called
05.11.2020 02:34:06 [443] index called
05.11.2020 02:34:06 [443] variants called
05.11.2020 02:37:17 [443] index called
05.11.2020 02:37:17 [443] variants called
05.11.2020 02:37:37 [443] index called
05.11.2020 02:37:38 [443] variants called
05.11.2020 02:38:10 [443] index called
05.11.2020 02:38:10 [443] variants called
05.11.2020 02:41:19 [443] index called
05.11.2020 02:41:19 [443] variants called
05.11.2020 02:41:56 web server running on port 443
05.11.2020 02:45:20 web server running on port 443
05.11.2020 02:45:58 web server running on port 443
05.11.2020 02:47:41 [443] index called
05.11.2020 02:47:41 [443] variants called
05.11.2020 02:47:45 [443] index called
05.11.2020 02:47:45 [443] variants called
05.11.2020 02:47:45 [443] index called
05.11.2020 02:47:46 [443] variants called
05.11.2020 02:53:21 web server running on port 443
05.11.2020 02:53:32 [443] index called
05.11.2020 02:53:32 [443] variants called
05.11.2020 02:53:33 [443] index called
05.11.2020 02:53:33 [443] variants called
05.11.2020 02:53:34 [443] index called
05.11.2020 02:53:34 [443] variants called
05.11.2020 02:53:34 [443] index called
05.11.2020 02:53:34 [443] variants called
05.11.2020 02:53:34 [443] index called
05.11.2020 02:53:34 [443] variants called
05.11.2020 02:54:19 web server running on port 443
05.11.2020 02:55:44 web server running on port 443
05.11.2020 02:55:49 [443] index called
05.11.2020 02:55:50 [443] variants called
05.11.2020 02:55:51 [443] index called
05.11.2020 02:55:51 [443] variants called
05.11.2020 02:56:03 web server running on port 443
05.11.2020 02:56:04 [443] index called
05.11.2020 02:56:04 [443] variants called
05.11.2020 02:56:05 [443] index called
05.11.2020 02:56:05 [443] variants called
05.11.2020 02:56:30 web server running on port 443
05.11.2020 02:56:32 [443] index called
05.11.2020 02:56:32 [443] variants called
05.11.2020 02:56:34 [443] index called
05.11.2020 02:56:34 [443] variants called
05.11.2020 02:56:34 [443] index called
05.11.2020 02:56:35 [443] variants called
05.11.2020 02:57:00 [443] index called
05.11.2020 02:57:01 [443] variants called
05.11.2020 02:57:02 [443] index called
05.11.2020 02:57:02 [443] variants called
05.11.2020 02:57:06 web server running on port 443
05.11.2020 02:57:08 [443] index called
05.11.2020 02:57:08 [443] variants called
05.11.2020 02:57:09 [443] index called
05.11.2020 02:57:09 [443] variants called
05.11.2020 02:57:15 web server running on port 443
05.11.2020 02:57:15 [443] variants called
05.11.2020 02:57:40 web server running on port 443
05.11.2020 02:57:52 [443] index called
05.11.2020 02:57:52 [443] variants called
05.11.2020 02:57:53 [443] index called
05.11.2020 02:57:53 [443] variants called
05.11.2020 02:58:12 [443] index called
05.11.2020 02:58:12 [443] variants called
05.11.2020 02:59:25 web server running on port 443
05.11.2020 02:59:33 web server running on port 443
05.11.2020 02:59:44 [443] index called
05.11.2020 02:59:44 [443] variants called
05.11.2020 03:02:35 [443] index called
05.11.2020 03:02:36 [443] variants called
05.11.2020 03:06:35 [443] index called
05.11.2020 03:06:35 [443] variants called
05.11.2020 03:09:37 web server running on port 443
05.11.2020 03:14:49 web server running on port 443
05.11.2020 03:16:11 web server running on port 443
05.11.2020 03:16:28 web server running on port 443
05.11.2020 03:17:12 web server running on port 443
05.11.2020 03:17:46 [443] index called
05.11.2020 03:17:46 [443] variants called
05.11.2020 03:17:48 [443] index called
05.11.2020 03:17:48 [443] variants called
05.11.2020 03:18:18 web server running on port 443
05.11.2020 03:18:31 [443] index called
05.11.2020 03:18:31 [443] variants called
05.11.2020 03:18:41 [443] index called
05.11.2020 03:18:41 [443] variants called
05.11.2020 03:20:13 web server running on port 443
05.11.2020 03:20:23 [443] index called
05.11.2020 03:20:23 [443] variants called
05.11.2020 03:20:36 web server running on port 443
05.11.2020 03:20:48 [443] index called
05.11.2020 03:20:48 [443] variants called
05.11.2020 03:21:31 web server running on port 443
05.11.2020 03:21:31 [443] index called
05.11.2020 03:21:32 [443] variants called
05.11.2020 03:22:50 web server running on port 443
05.11.2020 03:22:56 [443] index called
05.11.2020 03:22:56 [443] variants called
05.11.2020 03:24:46 web server running on port 443
05.11.2020 03:25:29 web server running on port 443
05.11.2020 03:28:13 web server running on port 443
05.11.2020 03:28:44 web server running on port 443
05.11.2020 03:28:57 web server running on port 443
05.11.2020 03:28:59 web server running on port 443
05.11.2020 03:28:59 [443] variants called
05.11.2020 03:29:02 [443] variants called
05.11.2020 03:29:02 web server running on port 443
05.11.2020 03:29:05 web server running on port 443
05.11.2020 03:29:05 [443] variants called
05.11.2020 03:29:06 [443] variants called
05.11.2020 03:29:06 web server running on port 443
05.11.2020 03:29:07 [443] variants called
05.11.2020 03:29:07 web server running on port 443
05.11.2020 03:29:08 [443] variants called
05.11.2020 03:29:08 web server running on port 443
05.11.2020 03:29:09 [443] variants called
05.11.2020 03:29:09 web server running on port 443
05.11.2020 03:29:29 web server running on port 443
05.11.2020 03:29:35 web server running on port 443
05.11.2020 03:29:35 [443] variants called
05.11.2020 03:29:37 [443] variants called
05.11.2020 03:29:37 web server running on port 443
05.11.2020 03:29:37 [443] variants called
05.11.2020 03:29:38 web server running on port 443
05.11.2020 03:29:38 [443] variants called
05.11.2020 03:29:38 web server running on port 443
05.11.2020 03:29:39 [443] variants called
05.11.2020 03:29:39 web server running on port 443
05.11.2020 03:29:56 [443] variants called
05.11.2020 03:29:56 web server running on port 443
05.11.2020 03:29:56 [443] variants called
05.11.2020 03:29:58 [443] variants called
05.11.2020 03:29:59 web server running on port 443
05.11.2020 03:30:02 [443] variants called
05.11.2020 03:30:02 web server running on port 443
05.11.2020 03:30:03 [443] variants called
05.11.2020 03:30:03 web server running on port 443
05.11.2020 03:30:05 [443] variants called
05.11.2020 03:30:05 web server running on port 443
05.11.2020 03:30:07 web server running on port 443
05.11.2020 03:30:07 [443] variants called
05.11.2020 03:30:09 [443] variants called
05.11.2020 03:30:10 web server running on port 443
05.11.2020 03:30:13 [443] variants called
05.11.2020 03:30:13 web server running on port 443
05.11.2020 03:30:19 web server running on port 443
05.11.2020 03:30:32 web server running on port 443
05.11.2020 03:30:32 [443] variants called
05.11.2020 03:30:41 web server running on port 443
05.11.2020 03:30:41 [443] variants called
05.11.2020 03:30:44 [443] variants called
05.11.2020 03:30:44 web server running on port 443
05.11.2020 03:30:46 [443] variants called
05.11.2020 03:30:46 web server running on port 443
05.11.2020 03:30:48 [443] variants called
05.11.2020 03:30:49 web server running on port 443
05.11.2020 03:30:51 web server running on port 443
05.11.2020 03:30:51 [443] variants called
05.11.2020 03:31:36 web server running on port 443
05.11.2020 03:34:39 web server running on port 443
